This is pdfTeX, Version 3.141592653-2.6-1.40.24 (TeX Live 2022) (preloaded format=pdflatex 2022.7.14)  19 JUL 2022 18:30
entering extended mode
 restricted \write18 enabled.
 %&-line parsing enabled.
**c:/Users/Daniel/Documents/08_Emacs/roam/main/auctex_basics.org
(c:/Users/Daniel/Documents/08_Emacs/roam/main/auctex_basics.org
LaTeX2e <2022-06-01> patch level 5
L3 programming layer <2022-07-04>

! LaTeX Error: Missing \begin{document}.

See the LaTeX manual or LaTeX Companion for explanation.
Type  H <return>  for immediate help.
 ...                                              
                                                  
l.1 :
     PROPERTIES:
? 
! Emergency stop.
 ...                                              
                                                  
l.1 :
     PROPERTIES:
You're in trouble here.  Try typing  <return>  to proceed.
If that doesn't work, type  X <return>  to quit.

 
Here is how much of TeX's memory you used:
 19 strings out of 478024
 677 string characters out of 5842695
 298146 words of memory out of 5000000
 18569 multiletter control sequences out of 15000+600000
 469259 words of font info for 28 fonts, out of 8000000 for 9000
 1141 hyphenation exceptions out of 8191
 13i,0n,12p,107b,14s stack positions out of 10000i,1000n,20000p,200000b,200000s
!  ==> Fatal error occurred, no output PDF file produced!
