\BOOKMARK [1][-]{section.1}{\376\377\000P\000r\000i\000n\000t\000e\000r\000s}{}% 1
\BOOKMARK [2][-]{subsection.1.1}{\376\377\000P\000r\000u\000s\000a\000\040\000M\000K\0003\000s\000+\000\040\000`\000\040\000`\000\045\000%\000%\000`\000\043\000`\000\046\0001\0002\000\137\000`\000\137\000\137\000~\000~\000~\sub\000s\000e\000c\000t\000i\000o\000n\000.\0001\000.\0001}{section.1}% 2
\BOOKMARK [3][-]{subsubsection.1.1.1}{\376\377\000P\000r\000o\000s}{subsection.1.1}% 3
\BOOKMARK [3][-]{subsubsection.1.1.2}{\376\377\000C\000o\000n\000s}{subsection.1.1}% 4
\BOOKMARK [2][-]{subsection.1.2}{\376\377\000P\000u\000l\000s\000e\000\040\0003\000D\000\040\000P\000r\000i\000n\000t\000e\000r\000\040\000`\000\040\000`\000\045\000%\000%\000`\000\043\000`\000\046\0001\0002\000\137\000`\000\137\000\137\000~\000~\000~\sub\000s\000e\000c\000t\000i\000o\000n\000.\0001\000.\0002}{section.1}% 5
\BOOKMARK [2][-]{subsection.1.3}{\376\377\000E\000n\000d\000e\000r\000\040\0003\000\040\000S\0001\000\040\000P\000r\000o\000\040\000`\000\040\000`\000\045\000%\000%\000`\000\043\000`\000\046\0001\0002\000\137\000`\000\137\000\137\000~\000~\000~\sub\000s\000e\000c\000t\000i\000o\000n\000.\0001\000.\0003}{section.1}% 6
\BOOKMARK [1][-]{section.2}{\376\377\000C\000o\000m\000p\000o\000n\000e\000n\000t\000s}{}% 7
\BOOKMARK [1][-]{section.3}{\376\377\000R\000a\000t\000i\000n\000g}{}% 8
\BOOKMARK [2][-]{subsection.3.1}{\376\377\000H\000o\000t\000\040\000E\000n\000d\000s}{section.3}% 9
\BOOKMARK [2][-]{subsection.3.2}{\376\377\000E\000x\000t\000r\000u\000d\000e\000r}{section.3}% 10
\BOOKMARK [2][-]{subsection.3.3}{\376\377\000O\000t\000h\000e\000r}{section.3}% 11
\BOOKMARK [2][-]{subsection.3.4}{\376\377\000S\000l\000i\000c\000e\000r\000s}{section.3}% 12
\BOOKMARK [2][-]{subsection.3.5}{\376\377\000M\000o\000t\000i\000o\000n}{section.3}% 13
\BOOKMARK [2][-]{subsection.3.6}{\376\377\000M\000o\000t\000h\000e\000r\000b\000o\000a\000r\000d\000/\000C\000o\000m\000p\000u\000t\000i\000n\000g}{section.3}% 14
\BOOKMARK [1][-]{section.4}{\376\377\000R\000i\000s\000k\000s}{}% 15
\BOOKMARK [2][-]{subsection.4.1}{\376\377\000V\000e\000n\000t\000i\000n\000g}{section.4}% 16
\BOOKMARK [3][-]{subsubsection.4.1.1}{\376\377\000M\000a\000t\000e\000r\000i\000a\000l\000s}{subsection.4.1}% 17
\BOOKMARK [2][-]{subsection.4.2}{\376\377\000H\000a\000r\000d\000w\000a\000r\000e}{section.4}% 18
\BOOKMARK [3][-]{subsubsection.4.2.1}{\376\377\000l\000e\000v\000e\000l\000l\000i\000n\000g}{subsection.4.2}% 19
\BOOKMARK [2][-]{subsection.4.3}{\376\377\000M\000i\000s\000c}{section.4}% 20
\BOOKMARK [1][-]{section.5}{\376\377\000I\000m\000p\000o\000r\000t\000a\000n\000t\000\040\000p\000a\000r\000a\000m\000s}{}% 21
\BOOKMARK [2][-]{subsection.5.1}{\376\377\000E\000x\000t\000r\000u\000d\000e\000r\000s}{section.5}% 22
\BOOKMARK [2][-]{subsection.5.2}{\376\377\000H\000o\000t\000\040\000E\000n\000d\000s}{section.5}% 23
\BOOKMARK [3][-]{subsubsection.5.2.1}{\376\377\000S\000p\000e\000e\000d}{subsection.5.2}% 24
\BOOKMARK [2][-]{subsection.5.3}{\376\377\000S\000l\000i\000c\000e\000r\000s}{section.5}% 25
\BOOKMARK [2][-]{subsection.5.4}{\376\377\000C\000o\000m\000m\000u\000n\000i\000t\000y\000/\000S\000u\000p\000p\000o\000r\000t}{section.5}% 26
\BOOKMARK [2][-]{subsection.5.5}{\376\377\000L\000e\000v\000e\000l\000i\000n\000g\000\040\000S\000e\000n\000s\000o\000r\000s}{section.5}% 27
\BOOKMARK [2][-]{subsection.5.6}{\376\377\000M\000o\000t\000i\000o\000n\000\040\000A\000c\000c\000u\000r\000a\000c\000y}{section.5}% 28
\BOOKMARK [2][-]{subsection.5.7}{\376\377\000M\000o\000t\000h\000e\000r\000b\000o\000a\000r\000d\000/\000C\000o\000m\000p\000u\000t\000i\000n\000g}{section.5}% 29
\BOOKMARK [2][-]{subsection.5.8}{\376\377\000B\000e\000d}{section.5}% 30
\BOOKMARK [2][-]{subsection.5.9}{\376\377\000A\000d\000d\000o\000n\000s}{section.5}% 31
